<?xml version="1.0" encoding="UTF-8"?>
<testsuite xmlns:xsi="http://www.w3.org/2001/XMLSchema-instance" xsi:noNamespaceSchemaLocation="https://maven.apache.org/surefire/maven-surefire-plugin/xsd/surefire-test-report.xsd" version="3.0.2" name="com.example.mvcwebdemo.MvcwebdemoApplicationTests" time="2.513" tests="1" errors="0" skipped="0" failures="0">
  <properties>
[...]
</properties>
  <testcase name="contextLoads" classname="com.example.mvcwebdemo.MvcwebdemoApplicationTests" time="0.638">
    <system-out><![CDATA[03:38:27.499 [main] INFO org.springframework.test.context.support.AnnotationConfigContextLoaderUtils -- Could not detect default configuration classes for test class [com.example.mvcwebdemo.MvcwebdemoApplicationTests]: MvcwebdemoApplicationTests does not declare any static, non-private, non-final, nested classes annotated with @Configuration.
03:38:27.612 [main] INFO org.springframework.boot.test.context.SpringBootTestContextBootstrapper -- Found @SpringBootConfiguration com.example.mvcwebdemo.MvcwebdemoApplication for test class com.example.mvcwebdemo.MvcwebdemoApplicationTests

  .   ____          _            __ _ _
 /\\ / ___'_ __ _ _(_)_ __  __ _ \ \ \ \
( ( )\___ | '_ | '_| | '_ \/ _` | \ \ \ \
 \\/  ___)| |_)| | | | | || (_| |  ) ) ) )
  '  |____| .__|_| |_|_| |_\__, | / / / /
 =========|_|==============|___/=/_/_/_/

 :: Spring Boot ::                (v3.5.7)

2025-11-12T03:38:28.034+06:30  INFO 10684 --- [mvcwebdemo] [           main] c.e.m.MvcwebdemoApplicationTests         : Starting MvcwebdemoApplicationTests using Java 25 with PID 10684 (started by Hello in C:\Users\Hello\IdeaProjects\mvcwebdemo)
2025-11-12T03:38:28.037+06:30  INFO 10684 --- [mvcwebdemo] [           main] c.e.m.MvcwebdemoApplicationTests         : No active profile set, falling back to 1 default profile: "default"
2025-11-12T03:38:28.946+06:30  INFO 10684 --- [mvcwebdemo] [           main] o.s.b.a.w.s.WelcomePageHandlerMapping    : Adding welcome page template: index
2025-11-12T03:38:29.232+06:30  INFO 10684 --- [mvcwebdemo] [           main] c.e.m.MvcwebdemoApplicationTests         : Started MvcwebdemoApplicationTests in 1.483 seconds (process running for 2.371)
]]></system-out>
    <system-err><![CDATA[Mockito is currently self-attaching to enable the inline-mock-maker. This will no longer work in future releases of the JDK. Please add Mockito as an agent to your build as described in Mockito's documentation: https://javadoc.io/doc/org.mockito/mockito-core/latest/org.mockito/org/mockito/Mockito.html#0.3
WARNING: A Java agent has been loaded dynamically (C:\Users\Hello\.m2\repository\net\bytebuddy\byte-buddy-agent\1.17.8\byte-buddy-agent-1.17.8.jar)
WARNING: If a serviceability tool is in use, please run with -XX:+EnableDynamicAgentLoading to hide this warning
WARNING: If a serviceability tool is not in use, please run with -Djdk.instrument.traceUsage for more information
WARNING: Dynamic loading of agents will be disallowed by default in a future release
]]></system-err>
  </testcase>
</testsuite>